{ Using PSTWRITER 16.6.0 d001Jun-14-2018 at 10:43:40 }

#1 WARNING(ORCAP-36050): No pins are present in MRB1. Ignoring this component in netlist.
#2 WARNING(ORCAP-36050): No pins are present in MW1. Ignoring this component in netlist.
#3 WARNING(ORCAP-36050): No pins are present in MW2. Ignoring this component in netlist.
#4 WARNING(ORCAP-36050): No pins are present in MRB2. Ignoring this component in netlist.
#5 WARNING(ORCAP-36050): No pins are present in MW3. Ignoring this component in netlist.
#6 WARNING(ORCAP-36050): No pins are present in MRB3. Ignoring this component in netlist.
#7 WARNING(ORCAP-36050): No pins are present in MW4. Ignoring this component in netlist.
#8 WARNING(ORCAP-36050): No pins are present in MRB4. Ignoring this component in netlist.
#9 WARNING(ORCAP-36050): No pins are present in MS1. Ignoring this component in netlist.
#10 WARNING(ORCAP-36050): No pins are present in MSO1. Ignoring this component in netlist.
#11 WARNING(ORCAP-36050): No pins are present in MS2. Ignoring this component in netlist.
#12 WARNING(ORCAP-36050): No pins are present in MSO2. Ignoring this component in netlist.
#13 WARNING(ORCAP-36050): No pins are present in MS3. Ignoring this component in netlist.
#14 WARNING(ORCAP-36050): No pins are present in MSO3. Ignoring this component in netlist.
#15 WARNING(ORCAP-36050): No pins are present in MS4. Ignoring this component in netlist.
#16 WARNING(ORCAP-36050): No pins are present in MSO4. Ignoring this component in netlist.
#17 WARNING(ORCAP-36050): No pins are present in MS5. Ignoring this component in netlist.
#18 WARNING(ORCAP-36050): No pins are present in MS6. Ignoring this component in netlist.
#19 WARNING(ORCAP-36050): No pins are present in MS7. Ignoring this component in netlist.
#20 WARNING(ORCAP-36050): No pins are present in MS8. Ignoring this component in netlist.
INFO(ORCAP-36080): Scanning netlist files ...

Loading... C:\XILINX_JIN\ORCAD_DESIGN\DESIGN\CAHER\HW-FMC-XM500\REV_B\V1_0\SCHEMATIC\allegro/pstchip.dat

Loading... C:\XILINX_JIN\ORCAD_DESIGN\DESIGN\CAHER\HW-FMC-XM500\REV_B\V1_0\SCHEMATIC\allegro/pstchip.dat

Loading... C:\XILINX_JIN\ORCAD_DESIGN\DESIGN\CAHER\HW-FMC-XM500\REV_B\V1_0\SCHEMATIC\allegro/pstxprt.dat

Loading... C:\XILINX_JIN\ORCAD_DESIGN\DESIGN\CAHER\HW-FMC-XM500\REV_B\V1_0\SCHEMATIC\allegro/pstxnet.dat
packaging the design view...