Wed Dec 20 20:35:16 2023, Generated by: alexi, Server: None, Windows, Engine: 23A.221221
license obtained
 
Interface File C:\Jeonghyun\GIT\RFSoC_FrontEnd\Simulation\Matlab\spartansim\interfaces\interface1\interface1.qcd
Log File     crosstalk_models.log
 
 
 
Crosstalk Setup Data
 
default_delta_v 3.3
default_delta_t 1n
default_async_thresh 10.%
default_sync_thresh 10.%
default_self_thresh .05
default_kb (set internally) .1
max_coupling_clearance .02in
min_coupling_length .00899in
AC_noise_sync_factor 1.
default_C_Comp 500f
default_Rdrv_High 50.
default_Rdrv_Low 50.
default_Rdrv_R 50.
default_Rdrv_F 50.
default_Rterm 1Meg
default_Vterm 0.
 
 
0 errors generating crosstalk models
0 warnings generating crosstalk models
Job Concluded: Wed Dec 20 20:35:16 2023
Elapsed Time: 0 seconds
