 
---------------------------------
 
Wed Dec 20 20:48:11 2023, Generated by: alexi, Server: None, Windows, Engine: 23A.221221
license obtained
Engine Version 23A.221221 Windows Wed Dec 20 20:48:11 2023
Engine Arguments
"C:\Program Files\MATLAB\R2023a\toolbox\si\apps\bin\win64\siaengine.exe"
crosstalk_models
project_client=C:/Jeonghyun/GIT/RFSoC_FrontEnd/Simulation/Matlab/spartansim/interfaces/interface2/interface2.qcd
gui_version=SignalIntegrityToolbox
user=alexi
sim_type=Import
user_preferences_dir=C:/Users/alexi/AppData/Roaming/MathWorks/MATLAB/R2023a/si_toolbox_shared/
return_status_file=ipcFiles/0alexiretstat.eng0
taxi=yes
product=qcd
units=mm_um
argumentlist=ipcFiles/0alexiargs.eng0
interface=C:/Jeonghyun/GIT/RFSoC_FrontEnd/Simulation/Matlab/spartansim/interfaces/interface2/interface2.qcd
Server=None
taxi=yes
 
Log   file C:\Jeonghyun\GIT\RFSoC_FrontEnd\Simulation\Matlab\spartansim\interfaces\interface2\logs\crosstalk_models.log
Debug file C:\Jeonghyun\GIT\RFSoC_FrontEnd\Simulation\Matlab\spartansim\interfaces\interface2\logs\crosstalk_models.dbg
 
