(---------------------------------------------------------------------)
(                                                                     )
(    Allegro Netrev Import Logic                                      )
(                                                                     )
(    Drawing          : rfmc_frontend_v1_00.brd                       )
(    Software Version : 23.1P001                                      )
(    Date/Time        : Tue Jan  2 00:56:08 2024                      )
(                                                                     )
(---------------------------------------------------------------------)


------ Directives ------------

Ripup etch:                  No
Ripup delete first segment:  No
Ripup retain bondwire:       No
Ripup symbols:               Always
Missing symbol has error:    No
DRC update:                  Yes
Schematic directory:         'c:\jeonghyun\git\rfsoc_frontend\rfmc_frontend\allegro'
Design Directory:            'c:/jeonghyun/git/rfsoc_frontend/rfmc_frontend/allegro'
Old design name:             'c:/jeonghyun/git/rfsoc_frontend/rfmc_frontend/allegro/rfmc_frontend_v1_00.brd'
New design name:             'c:/jeonghyun/git/rfsoc_frontend/rfmc_frontend/allegro/rfmc_frontend_v1_00.brd'

CmdLine: netrev -y 1 -i c:\jeonghyun\git\rfsoc_frontend\rfmc_frontend\allegro -q netrev_constraint_report.xml c:/jeonghyun/git/rfsoc_frontend/rfmc_frontend/allegro/#Taaaaai32604.tmp

------ Preparing to read pst files ------

Starting to read c:/jeonghyun/git/rfsoc_frontend/rfmc_frontend/allegro/pstchip.dat 
   Finished reading c:/jeonghyun/git/rfsoc_frontend/rfmc_frontend/allegro/pstchip.dat (00:00:00.01)
Starting to read c:/jeonghyun/git/rfsoc_frontend/rfmc_frontend/allegro/pstxprt.dat 
   Finished reading c:/jeonghyun/git/rfsoc_frontend/rfmc_frontend/allegro/pstxprt.dat (00:00:00.00)
Starting to read c:/jeonghyun/git/rfsoc_frontend/rfmc_frontend/allegro/pstxnet.dat 
   Finished reading c:/jeonghyun/git/rfsoc_frontend/rfmc_frontend/allegro/pstxnet.dat (00:00:00.01)

------ Oversights/Warnings/Errors ------


------ Library Paths ------
MODULEPATH =  . 
           C:/Cadence/OrCADX_23.1/share/local/pcb/modules 

PSMPATH =  . 
           symbols 
           .. 
           ../symbols 
           c:/cadence/orcadx_23.1/share/local/pcb/symbols 
           c:/cadence/orcadx_23.1/share/pcb/pcb_lib/symbols 
           c:/cadence/orcadx_23.1/share/pcb/allegrolib/symbols 
           C:/Jeonghyun/GIT/PMOD2BNC/23_1/PMOD2BNC_SIMPLE_v1_0/Library/LIB_538-71764-0112_PIN 
           C:/Jeonghyun/GIT/PMOD2BNC/23_1/PMOD2BNC_SIMPLE_v1_0/Library/SMA_PERP_SMAFST_PCBN 
           C:/Jeonghyun/GIT/PMOD2BNC/23_1/PMOD2BNC_SIMPLE_v1_0/symbols 
           C:/SPB_DATA/cdssetup/OrCAD_Capture/23.1.0/downloaded_parts/allegropcb 
           C:/Jeonghyun/GIT/PMOD2BNC/23_1/PMOD2BNC_SIMPLE_v1_0/Library/MECH250_WO_SM 

PADPATH =  . 
           symbols 
           .. 
           ../symbols 
           c:/cadence/orcadx_23.1/share/local/pcb/padstacks 
           c:/cadence/orcadx_23.1/share/pcb/pcb_lib/symbols 
           c:/cadence/orcadx_23.1/share/pcb/allegrolib/symbols 
           C:/Jeonghyun/GIT/PMOD2BNC/23_1/PMOD2BNC_SIMPLE_v1_0/Library/LIB_538-71764-0112_PIN 
           C:/Jeonghyun/GIT/PMOD2BNC/23_1/PMOD2BNC_SIMPLE_v1_0/Library/VIA 
           C:/Jeonghyun/GIT/PMOD2BNC/23_1/PMOD2BNC_SIMPLE_v1_0/Library/SMA_PERP_SMAFST_PCBN 
           C:/Jeonghyun/GIT/PMOD2BNC/23_1/PMOD2BNC_SIMPLE_v1_0/symbols 
           C:/SPB_DATA/cdssetup/OrCAD_Capture/23.1.0/downloaded_parts/allegropcb 
           C:/Jeonghyun/GIT/PMOD2BNC/23_1/PMOD2BNC_SIMPLE_v1_0/Library/MECH250_WO_SM 


------ Summary Statistics ------


netrev run on Jan 2 0:56:08 2024
   DESIGN NAME : 'RFMC_FRONTEND_V1_00'
   PACKAGING ON Sep 29 2023 23:54:04

   COMPILE 'logic'
   CHECK_PIN_NAMES OFF
   CROSS_REFERENCE OFF
   FEEDBACK OFF
   INCREMENTAL OFF
   INTERFACE_TYPE PHYSICAL
   MAX_ERRORS 500
   MERGE_MINIMUM 5
   NET_NAME_CHARS '#%&()*+-./:=>?@[]^_`|'
   NET_NAME_LENGTH 24
   OVERSIGHTS ON
   REPLACE_CHECK OFF
   SINGLE_NODE_NETS ON
   SPLIT_MINIMUM 0
   SUPPRESS   20
   WARNINGS ON

 No error detected
 No oversight detected
 No warning detected

cpu time      0:00:49
elapsed time  0:00:01

