INFO: Loaded existing device file 'C:\Jeonghyun\GIT\RFSoC_FrontEnd\Simulation\SpartanSim\devices.dml'
INFO: Loaded existing device file 'C:\Jeonghyun\GIT\RFSoC_FrontEnd\Simulation\SN74LXC8T245QPWRQ1_SIM\devices.dml'
INFO: Finished loading SigNoise device libraries
INFO: Clearing simulation data for "case0"
INFO: Using SigNoise run directory 'C:/Jeonghyun/GIT/RFSoC_FrontEnd/Simulation/SpartanSim/sigxp.run'
INFO: Reading report definition file 'c:/cadence/orcadx_23.1/share/pcb/signal/reports.dat'.
INFO: Finished reading report definition file successfully.
INFO: Reading report definition file 'c:/cadence/orcadx_23.1/share/pcb/signal/custom_rep.dat'.
INFO: Finished reading report definition file successfully.
INFO: Simulation (PMOD2BNCSIMPLE_V1_04 U1 1) PMOD2BNCSIMPLE_V1_04 U1 1 Rise Typ Reflection
INFO: Using waveform resolution 0.100000 ns.
INFO: Simulation (PMOD2BNCSIMPLE_V1_04 U1 1) PMOD2BNCSIMPLE_V1_04 U1 1 Rise Typ Reflection finished
ANNOTATION: Tlsim Command used :  tlsim  -Dr -e 100ns -r 0.100000 -o "waveforms.sim" -dl "delay.dl" -dst "distortion.dst" -log "tlsim.log" -ocycle "cycle.msm" "main.spc"\n
INFO: Clearing simulation data for case0
INFO: Simulation (PMOD2BNCSIMPLE_V1_04 U1 1) PMOD2BNCSIMPLE_V1_04 U1 1 Rise Typ Reflection
INFO: Using waveform resolution 0.100000 ns.
INFO: Simulation (PMOD2BNCSIMPLE_V1_04 U1 1) PMOD2BNCSIMPLE_V1_04 U1 1 Rise Typ Reflection finished
ANNOTATION: Tlsim Command used :  tlsim  -Dr -e 100ns -r 0.100000 -o "waveforms.sim" -dl "delay.dl" -dst "distortion.dst" -log "tlsim.log" -ocycle "cycle.msm" "main.spc"\n
INFO: Clearing simulation data for case0
INFO: Simulation (PMOD2BNCSIMPLE_V1_04 U1 1) PMOD2BNCSIMPLE_V1_04 U1 1 Rise Typ Reflection
INFO: Using waveform resolution 0.100000 ns.
INFO: Simulation (PMOD2BNCSIMPLE_V1_04 U1 1) PMOD2BNCSIMPLE_V1_04 U1 1 Rise Typ Reflection finished
ANNOTATION: Tlsim Command used :  tlsim  -Dr -e 100ns -r 0.100000 -o "waveforms.sim" -dl "delay.dl" -dst "distortion.dst" -log "tlsim.log" -ocycle "cycle.msm" "main.spc"\n
INFO: Simulation (PMOD2BNCSIMPLE_V1_04 U1 1) PMOD2BNCSIMPLE_V1_04 IOP2 1 Rise Typ Reflection
INFO: Using waveform resolution 0.100000 ns.
INFO: Simulation (PMOD2BNCSIMPLE_V1_04 U1 1) PMOD2BNCSIMPLE_V1_04 IOP2 1 Rise Typ Reflection finished
ANNOTATION: Tlsim Command used :  tlsim  -Dr -e 100ns -r 0.100000 -o "waveforms.sim" -dl "delay.dl" -dst "distortion.dst" -log "tlsim.log" -ocycle "cycle.msm" "main.spc"\n
INFO: Clearing simulation data for case0
INFO: Simulation (PMOD2BNCSIMPLE_V1_04 IOP2 1) PMOD2BNCSIMPLE_V1_04 IOP2 1 Rise Typ Reflection
INFO: Using waveform resolution 0.100000 ns.
INFO: Simulation (PMOD2BNCSIMPLE_V1_04 IOP2 1) PMOD2BNCSIMPLE_V1_04 IOP2 1 Rise Typ Reflection finished
ANNOTATION: Tlsim Command used :  tlsim  -Dr -e 100ns -r 0.100000 -o "waveforms.sim" -dl "delay.dl" -dst "distortion.dst" -log "tlsim.log" -ocycle "cycle.msm" "main.spc"\n
INFO: Clearing simulation data for case0
INFO: Simulation (PMOD2BNCSIMPLE_V1_04 IOP2 1) PMOD2BNCSIMPLE_V1_04 IOP2 1 Rise Typ Reflection
INFO: Using waveform resolution 0.100000 ns.
INFO: Simulation (PMOD2BNCSIMPLE_V1_04 IOP2 1) PMOD2BNCSIMPLE_V1_04 IOP2 1 Rise Typ Reflection finished
ANNOTATION: Tlsim Command used :  tlsim  -Dr -e 100ns -r 0.100000 -o "waveforms.sim" -dl "delay.dl" -dst "distortion.dst" -log "tlsim.log" -ocycle "cycle.msm" "main.spc"\n
INFO: Clearing simulation data for case0
INFO: Simulation (PMOD2BNCSIMPLE_V1_04 IOP2 1) PMOD2BNCSIMPLE_V1_04 IOP2 1 Rise Typ Reflection
INFO: Using waveform resolution 0.100000 ns.
INFO: Simulation (PMOD2BNCSIMPLE_V1_04 IOP2 1) PMOD2BNCSIMPLE_V1_04 IOP2 1 Rise Typ Reflection finished
ANNOTATION: Tlsim Command used :  tlsim  -Dr -e 100ns -r 0.100000 -o "waveforms.sim" -dl "delay.dl" -dst "distortion.dst" -log "tlsim.log" -ocycle "cycle.msm" "main.spc"\n
